Input System module state changed to: Initialized.
[Physics::Module] Initialized fallback backend.
[Physics::Module] Id: 0xdecafbad
Initialize engine version: 6000.3.10f1 (e35f0c77bd8e)
[Subsystems] Discovering subsystems at path C:/Users/tonst/OneDrive/Desktop/Perf2/BIRP/CameraOverhead-BIRP_Data/UnitySubsystems
Forcing GfxDevice: Direct3D 12
GfxDevice: creating device client; kGfxThreadingModeSplitJobs
d3d12: failed to query info queue interface (0x80004002).
Direct3D:
    Version:         Direct3D 12 [level 12.1]
    Renderer:        NVIDIA GeForce GTX 1650 (ID=0x1f91)
    Vendor:          NVIDIA
    VRAM:            3938 MB
    App VRAM Budget: 3347 MB
    Driver:          32.0.15.5599
[D3D12 Device Filter] Vendor Name: NVIDIA
[D3D12 Device Filter] Device Name: NVIDIA GeForce GTX 1650
[D3D12 Device Filter] Driver Version: 32.0.15.5599
[D3D12 Device Filter] Feature Level: 12.1
[D3D12 Device Filter] Graphics Memory: 3938 MB
[D3D12 Device Filter] Processor Count: 16
[D3D12 Device Filter] Device Type: Discrete
[Physics::Module] Selected backend.
[Physics::Module] Name: PhysX
[Physics::Module] Id: 0xf2b8ea05
[Physics::Module] SDK Version: 4.1.2
[Physics::Module] Integration Version: 1.0.0
[Physics::Module] Threading Mode: Multi-Threaded
<RI> Initializing input.
Using Windows.Gaming.Input
UnloadTime: 0.495000 ms
CPU 111.99ms | GPU 11.72ms | Frame 419.03ms | FPS 7.9
UnityEngine.DebugLogHandler:Internal_Log(LogType, LogOption, String, Object)
UnityEngine.Logger:Log(LogType, Object)
UnityEngine.Debug:Log(Object)
FrameTimingScript:Update()

CPU 13.14ms | GPU 7.34ms | Frame 12.88ms | FPS 77.6
UnityEngine.DebugLogHandler:Internal_Log(LogType, LogOption, String, Object)
UnityEngine.Logger:Log(LogType, Object)
UnityEngine.Debug:Log(Object)
FrameTimingScript:Update()

CPU 9.59ms | GPU 6.56ms | Frame 9.61ms | FPS 104.1
UnityEngine.DebugLogHandler:Internal_Log(LogType, LogOption, String, Object)
UnityEngine.Logger:Log(LogType, Object)
UnityEngine.Debug:Log(Object)
FrameTimingScript:Update()

CPU 9.65ms | GPU 6.61ms | Frame 9.66ms | FPS 103.5
UnityEngine.DebugLogHandler:Internal_Log(LogType, LogOption, String, Object)
UnityEngine.Logger:Log(LogType, Object)
UnityEngine.Debug:Log(Object)
FrameTimingScript:Update()

CPU 9.68ms | GPU 6.62ms | Frame 9.73ms | FPS 102.8
UnityEngine.DebugLogHandler:Internal_Log(LogType, LogOption, String, Object)
UnityEngine.Logger:Log(LogType, Object)
UnityEngine.Debug:Log(Object)
FrameTimingScript:Update()

CPU 9.65ms | GPU 6.62ms | Frame 9.68ms | FPS 103.3
UnityEngine.DebugLogHandler:Internal_Log(LogType, LogOption, String, Object)
UnityEngine.Logger:Log(LogType, Object)
UnityEngine.Debug:Log(Object)
FrameTimingScript:Update()

CPU 9.65ms | GPU 6.62ms | Frame 9.65ms | FPS 103.6
UnityEngine.DebugLogHandler:Internal_Log(LogType, LogOption, String, Object)
UnityEngine.Logger:Log(LogType, Object)
UnityEngine.Debug:Log(Object)
FrameTimingScript:Update()

CPU 9.52ms | GPU 6.64ms | Frame 9.55ms | FPS 104.7
UnityEngine.DebugLogHandler:Internal_Log(LogType, LogOption, String, Object)
UnityEngine.Logger:Log(LogType, Object)
UnityEngine.Debug:Log(Object)
FrameTimingScript:Update()

CPU 9.56ms | GPU 6.62ms | Frame 9.58ms | FPS 104.4
UnityEngine.DebugLogHandler:Internal_Log(LogType, LogOption, String, Object)
UnityEngine.Logger:Log(LogType, Object)
UnityEngine.Debug:Log(Object)
FrameTimingScript:Update()

CPU 9.59ms | GPU 6.65ms | Frame 9.62ms | FPS 104.0
UnityEngine.DebugLogHandler:Internal_Log(LogType, LogOption, String, Object)
UnityEngine.Logger:Log(LogType, Object)
UnityEngine.Debug:Log(Object)
FrameTimingScript:Update()

CPU 9.65ms | GPU 6.65ms | Frame 9.66ms | FPS 103.5
UnityEngine.DebugLogHandler:Internal_Log(LogType, LogOption, String, Object)
UnityEngine.Logger:Log(LogType, Object)
UnityEngine.Debug:Log(Object)
FrameTimingScript:Update()

CPU 9.77ms | GPU 6.66ms | Frame 9.83ms | FPS 101.7
UnityEngine.DebugLogHandler:Internal_Log(LogType, LogOption, String, Object)
UnityEngine.Logger:Log(LogType, Object)
UnityEngine.Debug:Log(Object)
FrameTimingScript:Update()

CPU 9.64ms | GPU 6.66ms | Frame 9.64ms | FPS 103.8
UnityEngine.DebugLogHandler:Internal_Log(LogType, LogOption, String, Object)
UnityEngine.Logger:Log(LogType, Object)
UnityEngine.Debug:Log(Object)
FrameTimingScript:Update()

CPU 9.66ms | GPU 6.67ms | Frame 9.65ms | FPS 103.6
UnityEngine.DebugLogHandler:Internal_Log(LogType, LogOption, String, Object)
UnityEngine.Logger:Log(LogType, Object)
UnityEngine.Debug:Log(Object)
FrameTimingScript:Update()

CPU 9.59ms | GPU 6.66ms | Frame 9.60ms | FPS 104.2
UnityEngine.DebugLogHandler:Internal_Log(LogType, LogOption, String, Object)
UnityEngine.Logger:Log(LogType, Object)
UnityEngine.Debug:Log(Object)
FrameTimingScript:Update()

CPU 9.55ms | GPU 6.67ms | Frame 9.59ms | FPS 104.3
UnityEngine.DebugLogHandler:Internal_Log(LogType, LogOption, String, Object)
UnityEngine.Logger:Log(LogType, Object)
UnityEngine.Debug:Log(Object)
FrameTimingScript:Update()

CPU 9.62ms | GPU 6.67ms | Frame 9.65ms | FPS 103.7
UnityEngine.DebugLogHandler:Internal_Log(LogType, LogOption, String, Object)
UnityEngine.Logger:Log(LogType, Object)
UnityEngine.Debug:Log(Object)
FrameTimingScript:Update()

CPU 9.56ms | GPU 6.67ms | Frame 9.58ms | FPS 104.4
UnityEngine.DebugLogHandler:Internal_Log(LogType, LogOption, String, Object)
UnityEngine.Logger:Log(LogType, Object)
UnityEngine.Debug:Log(Object)
FrameTimingScript:Update()

CPU 9.65ms | GPU 6.64ms | Frame 9.67ms | FPS 103.4
UnityEngine.DebugLogHandler:Internal_Log(LogType, LogOption, String, Object)
UnityEngine.Logger:Log(LogType, Object)
UnityEngine.Debug:Log(Object)
FrameTimingScript:Update()

CPU 9.74ms | GPU 6.65ms | Frame 9.79ms | FPS 102.1
UnityEngine.DebugLogHandler:Internal_Log(LogType, LogOption, String, Object)
UnityEngine.Logger:Log(LogType, Object)
UnityEngine.Debug:Log(Object)
FrameTimingScript:Update()

[Physics::Module] Cleanup current backend.
[Physics::Module] Id: 0xf2b8ea05
Input System module state changed to: ShutdownInProgress.
Input System polling thread exited.
Input System module state changed to: Shutdown.
